0 info it worked if it ends with ok
1 verbose cli [ 'C:\\Program Files\\nodejs\\node.exe',
1 verbose cli   'C:\\Program Files\\nodejs\\node_modules\\npm\\bin\\npm-cli.js',
1 verbose cli   'install',
1 verbose cli   'font-awesome-less' ]
2 info using npm@3.10.10
3 info using node@v6.9.5
4 warn onload-script failed to require onload script npm-autoinit/autoinit
5 warn onload-script Error: Cannot find module 'npm-autoinit/autoinit'
5 warn onload-script     at Function.Module._resolveFilename (module.js:469:15)
5 warn onload-script     at Function.Module._load (module.js:417:25)
5 warn onload-script     at Module.require (module.js:497:17)
5 warn onload-script     at require (internal/module.js:20:19)
5 warn onload-script     at cb (C:\Program Files\nodejs\node_modules\npm\lib\npm.js:199:11)
5 warn onload-script     at C:\Program Files\nodejs\node_modules\npm\lib\npm.js:304:16
5 warn onload-script     at C:\Program Files\nodejs\node_modules\npm\lib\config\core.js:81:7
5 warn onload-script     at Array.forEach (native)
5 warn onload-script     at C:\Program Files\nodejs\node_modules\npm\lib\config\core.js:80:13
5 warn onload-script     at f (C:\Program Files\nodejs\node_modules\npm\node_modules\once\once.js:25:25)
5 warn onload-script  { Error: Cannot find module 'npm-autoinit/autoinit'
5 warn onload-script     at Function.Module._resolveFilename (module.js:469:15)
5 warn onload-script     at Function.Module._load (module.js:417:25)
5 warn onload-script     at Module.require (module.js:497:17)
5 warn onload-script     at require (internal/module.js:20:19)
5 warn onload-script     at cb (C:\Program Files\nodejs\node_modules\npm\lib\npm.js:199:11)
5 warn onload-script     at C:\Program Files\nodejs\node_modules\npm\lib\npm.js:304:16
5 warn onload-script     at C:\Program Files\nodejs\node_modules\npm\lib\config\core.js:81:7
5 warn onload-script     at Array.forEach (native)
5 warn onload-script     at C:\Program Files\nodejs\node_modules\npm\lib\config\core.js:80:13
5 warn onload-script     at f (C:\Program Files\nodejs\node_modules\npm\node_modules\once\once.js:25:25) code: 'MODULE_NOT_FOUND' }
6 silly loadCurrentTree Starting
7 silly install loadCurrentTree
8 silly install readLocalPackageData
9 silly fetchPackageMetaData font-awesome-less
10 silly fetchNamedPackageData font-awesome-less
11 silly mapToRegistry name font-awesome-less
12 silly mapToRegistry using default registry
13 silly mapToRegistry registry https://registry.npmjs.org/
14 silly mapToRegistry data Result {
14 silly mapToRegistry   raw: 'font-awesome-less',
14 silly mapToRegistry   scope: null,
14 silly mapToRegistry   escapedName: 'font-awesome-less',
14 silly mapToRegistry   name: 'font-awesome-less',
14 silly mapToRegistry   rawSpec: '',
14 silly mapToRegistry   spec: 'latest',
14 silly mapToRegistry   type: 'tag' }
15 silly mapToRegistry uri https://registry.npmjs.org/font-awesome-less
16 verbose request uri https://registry.npmjs.org/font-awesome-less
17 verbose request no auth needed
18 info attempt registry request try #1 at 13:05:40
19 verbose request id 5a49053ac2eac331
20 http request GET https://registry.npmjs.org/font-awesome-less
21 http 404 https://registry.npmjs.org/font-awesome-less
22 verbose headers { 'content-type': 'application/json',
22 verbose headers   'cache-control': 'max-age=0',
22 verbose headers   'content-length': '2',
22 verbose headers   'accept-ranges': 'bytes',
22 verbose headers   date: 'Sat, 08 Jul 2017 10:05:44 GMT',
22 verbose headers   via: '1.1 varnish',
22 verbose headers   age: '0',
22 verbose headers   connection: 'keep-alive',
22 verbose headers   'x-served-by': 'cache-fra1240-FRA',
22 verbose headers   'x-cache': 'MISS',
22 verbose headers   'x-cache-hits': '0',
22 verbose headers   'x-timer': 'S1499508344.778585,VS0,VE734',
22 verbose headers   vary: 'Accept-Encoding' }
23 silly get cb [ 404,
23 silly get   { 'content-type': 'application/json',
23 silly get     'cache-control': 'max-age=0',
23 silly get     'content-length': '2',
23 silly get     'accept-ranges': 'bytes',
23 silly get     date: 'Sat, 08 Jul 2017 10:05:44 GMT',
23 silly get     via: '1.1 varnish',
23 silly get     age: '0',
23 silly get     connection: 'keep-alive',
23 silly get     'x-served-by': 'cache-fra1240-FRA',
23 silly get     'x-cache': 'MISS',
23 silly get     'x-cache-hits': '0',
23 silly get     'x-timer': 'S1499508344.778585,VS0,VE734',
23 silly get     vary: 'Accept-Encoding' } ]
24 silly fetchPackageMetaData Error: Registry returned 404 for GET on https://registry.npmjs.org/font-awesome-less
24 silly fetchPackageMetaData     at makeError (C:\Program Files\nodejs\node_modules\npm\node_modules\npm-registry-client\lib\request.js:302:12)
24 silly fetchPackageMetaData     at CachingRegistryClient.<anonymous> (C:\Program Files\nodejs\node_modules\npm\node_modules\npm-registry-client\lib\request.js:280:14)
24 silly fetchPackageMetaData     at Request._callback (C:\Program Files\nodejs\node_modules\npm\node_modules\npm-registry-client\lib\request.js:210:14)
24 silly fetchPackageMetaData     at Request.self.callback (C:\Program Files\nodejs\node_modules\npm\node_modules\request\request.js:187:22)
24 silly fetchPackageMetaData     at emitTwo (events.js:106:13)
24 silly fetchPackageMetaData     at Request.emit (events.js:191:7)
24 silly fetchPackageMetaData     at Request.<anonymous> (C:\Program Files\nodejs\node_modules\npm\node_modules\request\request.js:1048:10)
24 silly fetchPackageMetaData     at emitOne (events.js:96:13)
24 silly fetchPackageMetaData     at Request.emit (events.js:188:7)
24 silly fetchPackageMetaData     at IncomingMessage.<anonymous> (C:\Program Files\nodejs\node_modules\npm\node_modules\request\request.js:969:12)
24 silly fetchPackageMetaData  error for font-awesome-less { Error: Registry returned 404 for GET on https://registry.npmjs.org/font-awesome-less
24 silly fetchPackageMetaData     at makeError (C:\Program Files\nodejs\node_modules\npm\node_modules\npm-registry-client\lib\request.js:302:12)
24 silly fetchPackageMetaData     at CachingRegistryClient.<anonymous> (C:\Program Files\nodejs\node_modules\npm\node_modules\npm-registry-client\lib\request.js:280:14)
24 silly fetchPackageMetaData     at Request._callback (C:\Program Files\nodejs\node_modules\npm\node_modules\npm-registry-client\lib\request.js:210:14)
24 silly fetchPackageMetaData     at Request.self.callback (C:\Program Files\nodejs\node_modules\npm\node_modules\request\request.js:187:22)
24 silly fetchPackageMetaData     at emitTwo (events.js:106:13)
24 silly fetchPackageMetaData     at Request.emit (events.js:191:7)
24 silly fetchPackageMetaData     at Request.<anonymous> (C:\Program Files\nodejs\node_modules\npm\node_modules\request\request.js:1048:10)
24 silly fetchPackageMetaData     at emitOne (events.js:96:13)
24 silly fetchPackageMetaData     at Request.emit (events.js:188:7)
24 silly fetchPackageMetaData     at IncomingMessage.<anonymous> (C:\Program Files\nodejs\node_modules\npm\node_modules\request\request.js:969:12) pkgid: 'font-awesome-less', statusCode: 404, code: 'E404' }
25 silly rollbackFailedOptional Starting
26 silly rollbackFailedOptional Finishing
27 silly runTopLevelLifecycles Finishing
28 silly install printInstalled
29 verbose stack Error: Registry returned 404 for GET on https://registry.npmjs.org/font-awesome-less
29 verbose stack     at makeError (C:\Program Files\nodejs\node_modules\npm\node_modules\npm-registry-client\lib\request.js:302:12)
29 verbose stack     at CachingRegistryClient.<anonymous> (C:\Program Files\nodejs\node_modules\npm\node_modules\npm-registry-client\lib\request.js:280:14)
29 verbose stack     at Request._callback (C:\Program Files\nodejs\node_modules\npm\node_modules\npm-registry-client\lib\request.js:210:14)
29 verbose stack     at Request.self.callback (C:\Program Files\nodejs\node_modules\npm\node_modules\request\request.js:187:22)
29 verbose stack     at emitTwo (events.js:106:13)
29 verbose stack     at Request.emit (events.js:191:7)
29 verbose stack     at Request.<anonymous> (C:\Program Files\nodejs\node_modules\npm\node_modules\request\request.js:1048:10)
29 verbose stack     at emitOne (events.js:96:13)
29 verbose stack     at Request.emit (events.js:188:7)
29 verbose stack     at IncomingMessage.<anonymous> (C:\Program Files\nodejs\node_modules\npm\node_modules\request\request.js:969:12)
30 verbose statusCode 404
31 verbose pkgid font-awesome-less
32 verbose cwd C:\first web page
33 error Windows_NT 6.1.7601
34 error argv "C:\\Program Files\\nodejs\\node.exe" "C:\\Program Files\\nodejs\\node_modules\\npm\\bin\\npm-cli.js" "install" "font-awesome-less"
35 error node v6.9.5
36 error npm  v3.10.10
37 error code E404
38 error 404 Registry returned 404 for GET on https://registry.npmjs.org/font-awesome-less
39 error 404
40 error 404 'font-awesome-less' is not in the npm registry.
41 error 404 You should bug the author to publish it (or use the name yourself!)
42 error 404 Note that you can also install from a
43 error 404 tarball, folder, http url, or git url.
44 verbose exit [ 1, true ]
